<?xml version="1.0" encoding="UTF-8"?>
<!-- Generated by org.testng.reporters.JUnitXMLReporter -->
<testsuite ignored="0" hostname="chaitanya" failures="0" tests="3" name="Default test" time="25.616" errors="0" timestamp="2022-06-18T22:16:14 IST">
  <testcase classname="Zerodalogintestpage" name="LoginWithValidCredentialTest" time="3.551"/>
  <testcase classname="Zerodalogintestpage" name="forgotpasswordlinkTest" time="0.498"/>
  <testcase classname="Zerodalogintestpage" name="signuplinkTest" time="0.399"/>
</testsuite> <!-- Default test -->
