<?xml version="1.0" encoding="UTF-8"?>
<testng-results ignored="0" total="3" passed="3" failed="0" skipped="0">
  <reporter-output>
  </reporter-output>
  <suite started-at="2022-06-18T22:15:49 IST" name="Default suite" finished-at="2022-06-18T22:16:14 IST" duration-ms="25616">
    <groups>
    </groups>
    <test started-at="2022-06-18T22:15:49 IST" name="Default test" finished-at="2022-06-18T22:16:14 IST" duration-ms="25616">
      <class name="Zerodalogintestpage">
        <test-method is-config="true" signature="browser()[pri:0, instance:Zerodalogintestpage@54bff557]" started-at="2022-06-18T22:15:49 IST" name="browser" finished-at="2022-06-18T22:15:56 IST" duration-ms="7426" status="PASS">
          <reporter-output>
          </reporter-output>
        </test-method> <!-- browser -->
        <test-method signature="LoginWithValidCredentialTest()[pri:0, instance:Zerodalogintestpage@54bff557]" started-at="2022-06-18T22:15:56 IST" name="LoginWithValidCredentialTest" finished-at="2022-06-18T22:16:00 IST" duration-ms="3551" status="PASS">
          <reporter-output>
          </reporter-output>
        </test-method> <!-- LoginWithValidCredentialTest -->
        <test-method is-config="true" signature="snapshot()[pri:0, instance:Zerodalogintestpage@54bff557]" started-at="2022-06-18T22:16:00 IST" name="snapshot" finished-at="2022-06-18T22:16:00 IST" duration-ms="448" status="PASS">
          <reporter-output>
          </reporter-output>
        </test-method> <!-- snapshot -->
        <test-method is-config="true" signature="browser()[pri:0, instance:Zerodalogintestpage@54bff557]" started-at="2022-06-18T22:16:00 IST" name="browser" finished-at="2022-06-18T22:16:06 IST" duration-ms="6216" status="PASS">
          <reporter-output>
          </reporter-output>
        </test-method> <!-- browser -->
        <test-method signature="forgotpasswordlinkTest()[pri:0, instance:Zerodalogintestpage@54bff557]" started-at="2022-06-18T22:16:06 IST" name="forgotpasswordlinkTest" finished-at="2022-06-18T22:16:07 IST" duration-ms="498" status="PASS">
          <reporter-output>
          </reporter-output>
        </test-method> <!-- forgotpasswordlinkTest -->
        <test-method is-config="true" signature="snapshot()[pri:0, instance:Zerodalogintestpage@54bff557]" started-at="2022-06-18T22:16:07 IST" name="snapshot" finished-at="2022-06-18T22:16:07 IST" duration-ms="406" status="PASS">
          <reporter-output>
          </reporter-output>
        </test-method> <!-- snapshot -->
        <test-method is-config="true" signature="browser()[pri:0, instance:Zerodalogintestpage@54bff557]" started-at="2022-06-18T22:16:07 IST" name="browser" finished-at="2022-06-18T22:16:13 IST" duration-ms="6135" status="PASS">
          <reporter-output>
          </reporter-output>
        </test-method> <!-- browser -->
        <test-method signature="signuplinkTest()[pri:0, instance:Zerodalogintestpage@54bff557]" started-at="2022-06-18T22:16:13 IST" name="signuplinkTest" finished-at="2022-06-18T22:16:14 IST" duration-ms="399" status="PASS">
          <reporter-output>
          </reporter-output>
        </test-method> <!-- signuplinkTest -->
        <test-method is-config="true" signature="snapshot()[pri:0, instance:Zerodalogintestpage@54bff557]" started-at="2022-06-18T22:16:14 IST" name="snapshot" finished-at="2022-06-18T22:16:14 IST" duration-ms="439" status="PASS">
          <reporter-output>
          </reporter-output>
        </test-method> <!-- snapshot -->
      </class> <!-- Zerodalogintestpage -->
    </test> <!-- Default test -->
  </suite> <!-- Default suite -->
</testng-results>
